{"contracts\\TicketBooking.sol":{"l":{"22":0,"23":0,"32":1,"33":1,"35":1,"44":1,"45":1,"49":1,"50":1,"51":1,"52":1,"54":1,"55":1,"57":1,"61":0,"62":0,"64":0,"65":0,"67":0,"71":0},"path":"D:\\projects\\web3-ticket-booking\\contracts\\TicketBooking.sol","s":{"1":0,"2":1,"3":1,"4":1,"5":1,"6":1,"7":1,"8":1,"9":1,"10":0,"11":0,"12":0,"13":0,"14":0,"15":0},"b":{"1":[0,0],"2":[1,0],"3":[1,0],"4":[1,0],"5":[1,0],"6":[1,0],"7":[0,0],"8":[0,0],"9":[0,0]},"f":{"1":0,"2":1,"3":1,"4":0,"5":0},"fnMap":{"1":{"name":"onlyOrganizer","line":21,"loc":{"start":{"line":21,"column":4},"end":{"line":24,"column":4}}},"2":{"name":"createEvent","line":26,"loc":{"start":{"line":26,"column":4},"end":{"line":46,"column":4}}},"3":{"name":"buyTicket","line":48,"loc":{"start":{"line":48,"column":4},"end":{"line":58,"column":4}}},"4":{"name":"withdraw","line":60,"loc":{"start":{"line":60,"column":4},"end":{"line":68,"column":4}}},"5":{"name":"getEvent","line":70,"loc":{"start":{"line":70,"column":4},"end":{"line":72,"column":4}}}},"statementMap":{"1":{"start":{"line":22,"column":8},"end":{"line":22,"column":78}},"2":{"start":{"line":32,"column":8},"end":{"line":32,"column":74}},"3":{"start":{"line":33,"column":8},"end":{"line":33,"column":64}},"4":{"start":{"line":44,"column":8},"end":{"line":44,"column":82}},"5":{"start":{"line":49,"column":8},"end":{"line":49,"column":46}},"6":{"start":{"line":50,"column":8},"end":{"line":50,"column":75}},"7":{"start":{"line":51,"column":8},"end":{"line":51,"column":89}},"8":{"start":{"line":52,"column":8},"end":{"line":52,"column":74}},"9":{"start":{"line":57,"column":8},"end":{"line":57,"column":59}},"10":{"start":{"line":61,"column":8},"end":{"line":61,"column":46}},"11":{"start":{"line":62,"column":8},"end":{"line":62,"column":72}},"12":{"start":{"line":64,"column":8},"end":{"line":64,"column":44}},"13":{"start":{"line":65,"column":8},"end":{"line":65,"column":51}},"14":{"start":{"line":67,"column":8},"end":{"line":67,"column":41}},"15":{"start":{"line":71,"column":8},"end":{"line":71,"column":30}}},"branchMap":{"1":{"line":22,"type":"if","locations":[{"start":{"line":22,"column":8},"end":{"line":22,"column":8}},{"start":{"line":22,"column":8},"end":{"line":22,"column":8}}]},"2":{"line":32,"type":"if","locations":[{"start":{"line":32,"column":8},"end":{"line":32,"column":8}},{"start":{"line":32,"column":8},"end":{"line":32,"column":8}}]},"3":{"line":33,"type":"if","locations":[{"start":{"line":33,"column":8},"end":{"line":33,"column":8}},{"start":{"line":33,"column":8},"end":{"line":33,"column":8}}]},"4":{"line":50,"type":"if","locations":[{"start":{"line":50,"column":8},"end":{"line":50,"column":8}},{"start":{"line":50,"column":8},"end":{"line":50,"column":8}}]},"5":{"line":51,"type":"if","locations":[{"start":{"line":51,"column":8},"end":{"line":51,"column":8}},{"start":{"line":51,"column":8},"end":{"line":51,"column":8}}]},"6":{"line":52,"type":"if","locations":[{"start":{"line":52,"column":8},"end":{"line":52,"column":8}},{"start":{"line":52,"column":8},"end":{"line":52,"column":8}}]},"7":{"line":60,"type":"if","locations":[{"start":{"line":60,"column":45},"end":{"line":60,"column":45}},{"start":{"line":60,"column":45},"end":{"line":60,"column":45}}]},"8":{"line":62,"type":"if","locations":[{"start":{"line":62,"column":8},"end":{"line":62,"column":8}},{"start":{"line":62,"column":8},"end":{"line":62,"column":8}}]},"9":{"line":65,"type":"if","locations":[{"start":{"line":65,"column":8},"end":{"line":65,"column":8}},{"start":{"line":65,"column":8},"end":{"line":65,"column":8}}]}}}}